# JRE version: OpenJDK Runtime Environment Microsoft-8035246 (17.0.8+7) (build 17.0.8+7-LTS)
# Java VM: OpenJDK 64-Bit Server VM Microsoft-8035246 (17.0.8+7-LTS, mixed mode, sharing, tiered, compressed oops, compressed class ptrs, g1 gc, windows-amd64)
GC Precious Log:
 CPUs: 24 total, 24 available
 Memory: 32498M
 Large Page Support: Disabled
 NUMA Support: Disabled
 Compressed Oops: Enabled (32-bit)
 Heap Region Size: 1M
 Heap Min Capacity: 8M
 Heap Initial Capacity: 508M
 Heap Max Capacity: 2G
 Pre-touch: Disabled
 Parallel Workers: 18
 Concurrent Workers: 5
 Concurrent Refinement Workers: 18
 Periodic GC: Disabled
Heap:
 garbage-first heap   total 567296K, used 266030K [0x0000000080000000, 0x0000000100000000)
  region size 1024K, 98 young (100352K), 7 survivors (7168K)
 Metaspace       used 105770K, committed 106816K, reserved 557056K
  class space    used 14786K, committed 15296K, reserved 425984K
GC Heap History (20 events):
Event: 11.737 GC heap before
{Heap before GC invocations=39 (full 0):
 garbage-first heap   total 245760K, used 148874K [0x0000000080000000, 0x0000000100000000)
  region size 1024K, 12 young (12288K), 6 survivors (6144K)
 Metaspace       used 103437K, committed 104384K, reserved 557056K
  class space    used 14573K, committed 15040K, reserved 425984K
}
Event: 11.739 GC heap after
{Heap after GC invocations=40 (full 0):
 garbage-first heap   total 245760K, used 143897K [0x0000000080000000, 0x0000000100000000)
  region size 1024K, 1 young (1024K), 1 survivors (1024K)
 Metaspace       used 103437K, committed 104384K, reserved 557056K
  class space    used 14573K, committed 15040K, reserved 425984K
}
Event: 11.986 GC heap before
{Heap before GC invocations=40 (full 0):
 garbage-first heap   total 245760K, used 199193K [0x0000000080000000, 0x0000000100000000)
  region size 1024K, 56 young (57344K), 1 survivors (1024K)
 Metaspace       used 103460K, committed 104448K, reserved 557056K
  class space    used 14573K, committed 15040K, reserved 425984K
}
Event: 11.987 GC heap after
{Heap after GC invocations=41 (full 0):
 garbage-first heap   total 245760K, used 146228K [0x0000000080000000, 0x0000000100000000)
  region size 1024K, 4 young (4096K), 4 survivors (4096K)
 Metaspace       used 103460K, committed 104448K, reserved 557056K
  class space    used 14573K, committed 15040K, reserved 425984K
}
Event: 12.216 GC heap before
{Heap before GC invocations=41 (full 0):
 garbage-first heap   total 245760K, used 175924K [0x0000000080000000, 0x0000000100000000)
  region size 1024K, 30 young (30720K), 4 survivors (4096K)
 Metaspace       used 103512K, committed 104512K, reserved 557056K
  class space    used 14576K, committed 15040K, reserved 425984K
}
Event: 12.218 GC heap after
{Heap after GC invocations=42 (full 0):
 garbage-first heap   total 245760K, used 148746K [0x0000000080000000, 0x0000000100000000)
  region size 1024K, 6 young (6144K), 6 survivors (6144K)
 Metaspace       used 103512K, committed 104512K, reserved 557056K
  class space    used 14576K, committed 15040K, reserved 425984K
}
Event: 12.317 GC heap before
{Heap before GC invocations=42 (full 0):
 garbage-first heap   total 245760K, used 173322K [0x0000000080000000, 0x0000000100000000)
  region size 1024K, 28 young (28672K), 6 survivors (6144K)
 Metaspace       used 103598K, committed 104640K, reserved 557056K
  class space    used 14577K, committed 15040K, reserved 425984K
}
Event: 12.319 GC heap after
{Heap after GC invocations=43 (full 0):
 garbage-first heap   total 245760K, used 150826K [0x0000000080000000, 0x0000000100000000)
  region size 1024K, 5 young (5120K), 5 survivors (5120K)
 Metaspace       used 103598K, committed 104640K, reserved 557056K
  class space    used 14577K, committed 15040K, reserved 425984K
}
Event: 12.337 GC heap before
{Heap before GC invocations=43 (full 0):
 garbage-first heap   total 245760K, used 166186K [0x0000000080000000, 0x0000000100000000)
  region size 1024K, 18 young (18432K), 5 survivors (5120K)
 Metaspace       used 103675K, committed 104640K, reserved 557056K
  class space    used 14577K, committed 15040K, reserved 425984K
}
Event: 12.339 GC heap after
{Heap after GC invocations=44 (full 0):
 garbage-first heap   total 245760K, used 151877K [0x0000000080000000, 0x0000000100000000)
  region size 1024K, 3 young (3072K), 3 survivors (3072K)
 Metaspace       used 103675K, committed 104640K, reserved 557056K
  class space    used 14577K, committed 15040K, reserved 425984K
}
Event: 12.340 GC heap before
{Heap before GC invocations=44 (full 0):
 garbage-first heap   total 245760K, used 154949K [0x0000000080000000, 0x0000000100000000)
  region size 1024K, 5 young (5120K), 3 survivors (3072K)
 Metaspace       used 103684K, committed 104704K, reserved 557056K
  class space    used 14577K, committed 15040K, reserved 425984K
}
Event: 12.341 GC heap after
{Heap after GC invocations=45 (full 0):
 garbage-first heap   total 245760K, used 153925K [0x0000000080000000, 0x0000000100000000)
  region size 1024K, 3 young (3072K), 3 survivors (3072K)
 Metaspace       used 103684K, committed 104704K, reserved 557056K
  class space    used 14577K, committed 15040K, reserved 425984K
}
Event: 12.501 GC heap before
{Heap before GC invocations=46 (full 0):
 garbage-first heap   total 283648K, used 217413K [0x0000000080000000, 0x0000000100000000)
  region size 1024K, 56 young (57344K), 3 survivors (3072K)
 Metaspace       used 103828K, committed 104768K, reserved 557056K
  class space    used 14580K, committed 15040K, reserved 425984K
}
Event: 12.503 GC heap after
{Heap after GC invocations=47 (full 0):
 garbage-first heap   total 283648K, used 155792K [0x0000000080000000, 0x0000000100000000)
  region size 1024K, 7 young (7168K), 7 survivors (7168K)
 Metaspace       used 103828K, committed 104768K, reserved 557056K
  class space    used 14580K, committed 15040K, reserved 425984K
}
Event: 12.508 GC heap before
{Heap before GC invocations=47 (full 0):
 garbage-first heap   total 283648K, used 160912K [0x0000000080000000, 0x0000000100000000)
  region size 1024K, 13 young (13312K), 7 survivors (7168K)
 Metaspace       used 103837K, committed 104768K, reserved 557056K
  class space    used 14581K, committed 15040K, reserved 425984K
}
Event: 12.510 GC heap after
{Heap after GC invocations=48 (full 0):
 garbage-first heap   total 283648K, used 156106K [0x0000000080000000, 0x0000000100000000)
  region size 1024K, 2 young (2048K), 2 survivors (2048K)
 Metaspace       used 103837K, committed 104768K, reserved 557056K
  class space    used 14581K, committed 15040K, reserved 425984K
}
Event: 12.712 GC heap before
{Heap before GC invocations=48 (full 0):
 garbage-first heap   total 283648K, used 242122K [0x0000000080000000, 0x0000000100000000)
  region size 1024K, 79 young (80896K), 2 survivors (2048K)
 Metaspace       used 104243K, committed 105152K, reserved 557056K
  class space    used 14656K, committed 15104K, reserved 425984K
}
Event: 12.715 GC heap after
{Heap after GC invocations=49 (full 0):
 garbage-first heap   total 567296K, used 160596K [0x0000000080000000, 0x0000000100000000)
  region size 1024K, 6 young (6144K), 6 survivors (6144K)
 Metaspace       used 104243K, committed 105152K, reserved 557056K
  class space    used 14656K, committed 15104K, reserved 425984K
}
Event: 12.748 GC heap before
{Heap before GC invocations=49 (full 0):
 garbage-first heap   total 567296K, used 175956K [0x0000000080000000, 0x0000000100000000)
  region size 1024K, 23 young (23552K), 6 survivors (6144K)
 Metaspace       used 104272K, committed 105216K, reserved 557056K
  class space    used 14657K, committed 15104K, reserved 425984K
}
Event: 12.751 GC heap after
{Heap after GC invocations=50 (full 0):
 garbage-first heap   total 567296K, used 161582K [0x0000000080000000, 0x0000000100000000)
  region size 1024K, 7 young (7168K), 7 survivors (7168K)
 Metaspace       used 104272K, committed 105216K, reserved 557056K
  class space    used 14657K, committed 15104K, reserved 425984K
}

